{"C:\\Users\\bayin\\Documents\\LFA\\group projects\\reddy_22\\reddy22_client\\static\\js\\bin.js": {"path":"C:\\Users\\bayin\\Documents\\LFA\\group projects\\reddy_22\\reddy22_client\\static\\js\\bin.js","statementMap":{"0":{"start":{"line":1,"column":18},"end":{"line":1,"column":61}},"1":{"start":{"line":2,"column":11},"end":{"line":2,"column":30}},"2":{"start":{"line":9,"column":21},"end":{"line":9,"column":57}},"3":{"start":{"line":10,"column":20},"end":{"line":10,"column":55}},"4":{"start":{"line":11,"column":21},"end":{"line":11,"column":65}},"5":{"start":{"line":12,"column":21},"end":{"line":12,"column":57}},"6":{"start":{"line":13,"column":4},"end":{"line":24,"column":35}},"7":{"start":{"line":14,"column":22},"end":{"line":14,"column":33}},"8":{"start":{"line":16,"column":12},"end":{"line":16,"column":48}},"9":{"start":{"line":17,"column":12},"end":{"line":17,"column":43}},"10":{"start":{"line":18,"column":12},"end":{"line":18,"column":69}},"11":{"start":{"line":19,"column":12},"end":{"line":19,"column":41}},"12":{"start":{"line":20,"column":12},"end":{"line":22,"column":13}},"13":{"start":{"line":20,"column":25},"end":{"line":20,"column":26}},"14":{"start":{"line":21,"column":16},"end":{"line":21,"column":52}},"15":{"start":{"line":24,"column":20},"end":{"line":24,"column":34}},"16":{"start":{"line":27,"column":0},"end":{"line":31,"column":2}},"17":{"start":{"line":28,"column":4},"end":{"line":28,"column":14}},"18":{"start":{"line":29,"column":4},"end":{"line":29,"column":21}},"19":{"start":{"line":30,"column":4},"end":{"line":30,"column":24}},"20":{"start":{"line":36,"column":4},"end":{"line":41,"column":35}},"21":{"start":{"line":37,"column":22},"end":{"line":37,"column":33}},"22":{"start":{"line":39,"column":12},"end":{"line":39,"column":25}},"23":{"start":{"line":41,"column":20},"end":{"line":41,"column":34}},"24":{"start":{"line":45,"column":4},"end":{"line":45,"column":39}},"25":{"start":{"line":45,"column":22},"end":{"line":45,"column":38}},"26":{"start":{"line":49,"column":15},"end":{"line":49,"column":53}},"27":{"start":{"line":50,"column":15},"end":{"line":50,"column":43}},"28":{"start":{"line":52,"column":22},"end":{"line":52,"column":49}},"29":{"start":{"line":53,"column":4},"end":{"line":53,"column":45}},"30":{"start":{"line":55,"column":4},"end":{"line":55,"column":29}},"31":{"start":{"line":56,"column":4},"end":{"line":56,"column":61}},"32":{"start":{"line":58,"column":4},"end":{"line":58,"column":22}},"33":{"start":{"line":63,"column":4},"end":{"line":68,"column":35}},"34":{"start":{"line":64,"column":22},"end":{"line":64,"column":33}},"35":{"start":{"line":66,"column":12},"end":{"line":66,"column":27}},"36":{"start":{"line":68,"column":20},"end":{"line":68,"column":34}},"37":{"start":{"line":72,"column":4},"end":{"line":72,"column":42}},"38":{"start":{"line":72,"column":22},"end":{"line":72,"column":41}},"39":{"start":{"line":76,"column":15},"end":{"line":76,"column":57}},"40":{"start":{"line":77,"column":15},"end":{"line":77,"column":43}},"41":{"start":{"line":79,"column":18},"end":{"line":79,"column":45}},"42":{"start":{"line":80,"column":4},"end":{"line":80,"column":37}},"43":{"start":{"line":82,"column":4},"end":{"line":82,"column":25}},"44":{"start":{"line":83,"column":4},"end":{"line":83,"column":61}},"45":{"start":{"line":84,"column":4},"end":{"line":84,"column":22}},"46":{"start":{"line":87,"column":0},"end":{"line":87,"column":66}}},"fnMap":{"0":{"name":"fetchBin","decl":{"start":{"line":6,"column":15},"end":{"line":6,"column":23}},"loc":{"start":{"line":6,"column":26},"end":{"line":25,"column":1}},"line":6},"1":{"name":"(anonymous_1)","decl":{"start":{"line":14,"column":14},"end":{"line":14,"column":15}},"loc":{"start":{"line":14,"column":22},"end":{"line":14,"column":33}},"line":14},"2":{"name":"(anonymous_2)","decl":{"start":{"line":15,"column":14},"end":{"line":15,"column":15}},"loc":{"start":{"line":15,"column":22},"end":{"line":23,"column":9}},"line":15},"3":{"name":"(anonymous_3)","decl":{"start":{"line":24,"column":15},"end":{"line":24,"column":16}},"loc":{"start":{"line":24,"column":20},"end":{"line":24,"column":34}},"line":24},"4":{"name":"(anonymous_4)","decl":{"start":{"line":27,"column":46},"end":{"line":27,"column":47}},"loc":{"start":{"line":27,"column":52},"end":{"line":31,"column":1}},"line":27},"5":{"name":"fetchToPutInBin","decl":{"start":{"line":35,"column":15},"end":{"line":35,"column":30}},"loc":{"start":{"line":35,"column":33},"end":{"line":42,"column":1}},"line":35},"6":{"name":"(anonymous_6)","decl":{"start":{"line":37,"column":14},"end":{"line":37,"column":15}},"loc":{"start":{"line":37,"column":22},"end":{"line":37,"column":33}},"line":37},"7":{"name":"(anonymous_7)","decl":{"start":{"line":38,"column":14},"end":{"line":38,"column":15}},"loc":{"start":{"line":38,"column":22},"end":{"line":40,"column":9}},"line":38},"8":{"name":"(anonymous_8)","decl":{"start":{"line":41,"column":15},"end":{"line":41,"column":16}},"loc":{"start":{"line":41,"column":20},"end":{"line":41,"column":34}},"line":41},"9":{"name":"showAll","decl":{"start":{"line":44,"column":9},"end":{"line":44,"column":16}},"loc":{"start":{"line":44,"column":23},"end":{"line":46,"column":1}},"line":44},"10":{"name":"(anonymous_10)","decl":{"start":{"line":45,"column":17},"end":{"line":45,"column":18}},"loc":{"start":{"line":45,"column":22},"end":{"line":45,"column":38}},"line":45},"11":{"name":"showItem","decl":{"start":{"line":48,"column":9},"end":{"line":48,"column":17}},"loc":{"start":{"line":48,"column":24},"end":{"line":59,"column":1}},"line":48},"12":{"name":"fetchNotToPutInBin","decl":{"start":{"line":62,"column":15},"end":{"line":62,"column":33}},"loc":{"start":{"line":62,"column":36},"end":{"line":69,"column":1}},"line":62},"13":{"name":"(anonymous_13)","decl":{"start":{"line":64,"column":14},"end":{"line":64,"column":15}},"loc":{"start":{"line":64,"column":22},"end":{"line":64,"column":33}},"line":64},"14":{"name":"(anonymous_14)","decl":{"start":{"line":65,"column":14},"end":{"line":65,"column":15}},"loc":{"start":{"line":65,"column":22},"end":{"line":67,"column":9}},"line":65},"15":{"name":"(anonymous_15)","decl":{"start":{"line":68,"column":15},"end":{"line":68,"column":16}},"loc":{"start":{"line":68,"column":20},"end":{"line":68,"column":34}},"line":68},"16":{"name":"showItems","decl":{"start":{"line":71,"column":9},"end":{"line":71,"column":18}},"loc":{"start":{"line":71,"column":25},"end":{"line":73,"column":1}},"line":71},"17":{"name":"(anonymous_17)","decl":{"start":{"line":72,"column":17},"end":{"line":72,"column":18}},"loc":{"start":{"line":72,"column":22},"end":{"line":72,"column":41}},"line":72},"18":{"name":"showNotItem","decl":{"start":{"line":75,"column":9},"end":{"line":75,"column":20}},"loc":{"start":{"line":75,"column":27},"end":{"line":85,"column":1}},"line":75}},"branchMap":{},"s":{"0":1,"1":1,"2":1,"3":1,"4":1,"5":1,"6":1,"7":1,"8":1,"9":1,"10":1,"11":0,"12":0,"13":0,"14":0,"15":1,"16":1,"17":0,"18":0,"19":0,"20":1,"21":1,"22":1,"23":0,"24":1,"25":1,"26":1,"27":1,"28":1,"29":1,"30":1,"31":1,"32":1,"33":1,"34":1,"35":1,"36":0,"37":1,"38":1,"39":1,"40":1,"41":1,"42":1,"43":1,"44":1,"45":1,"46":1},"f":{"0":1,"1":1,"2":1,"3":1,"4":0,"5":1,"6":1,"7":1,"8":0,"9":1,"10":1,"11":1,"12":1,"13":1,"14":1,"15":0,"16":1,"17":1,"18":1},"b":{},"_coverageSchema":"1a1c01bbd47fc00a2c39e90264f33305004495a9","hash":"ce0162c84ce42170310425a3f104f341fb5c7974"}
,"C:\\Users\\bayin\\Documents\\LFA\\group projects\\reddy_22\\reddy22_client\\static\\js\\recycleHome.js": {"path":"C:\\Users\\bayin\\Documents\\LFA\\group projects\\reddy_22\\reddy22_client\\static\\js\\recycleHome.js","statementMap":{"0":{"start":{"line":3,"column":18},"end":{"line":3,"column":71}},"1":{"start":{"line":4,"column":15},"end":{"line":4,"column":36}},"2":{"start":{"line":5,"column":2},"end":{"line":5,"column":16}},"3":{"start":{"line":7,"column":0},"end":{"line":7,"column":56}},"4":{"start":{"line":11,"column":2},"end":{"line":11,"column":42}},"5":{"start":{"line":11,"column":24},"end":{"line":11,"column":40}},"6":{"start":{"line":15,"column":18},"end":{"line":15,"column":50}},"7":{"start":{"line":16,"column":2},"end":{"line":16,"column":36}},"8":{"start":{"line":18,"column":16},"end":{"line":18,"column":44}},"9":{"start":{"line":19,"column":2},"end":{"line":19,"column":35}},"10":{"start":{"line":20,"column":2},"end":{"line":20,"column":31}},"11":{"start":{"line":22,"column":22},"end":{"line":22,"column":49}},"12":{"start":{"line":23,"column":2},"end":{"line":23,"column":37}},"13":{"start":{"line":24,"column":2},"end":{"line":24,"column":43}},"14":{"start":{"line":26,"column":19},"end":{"line":26,"column":48}},"15":{"start":{"line":27,"column":2},"end":{"line":27,"column":31}},"16":{"start":{"line":28,"column":2},"end":{"line":28,"column":30}},"17":{"start":{"line":29,"column":2},"end":{"line":29,"column":41}},"18":{"start":{"line":31,"column":2},"end":{"line":31,"column":29}},"19":{"start":{"line":33,"column":2},"end":{"line":33,"column":32}},"20":{"start":{"line":35,"column":2},"end":{"line":35,"column":67}},"21":{"start":{"line":35,"column":42},"end":{"line":35,"column":65}},"22":{"start":{"line":36,"column":24},"end":{"line":36,"column":65}},"23":{"start":{"line":37,"column":2},"end":{"line":37,"column":37}},"24":{"start":{"line":41,"column":2},"end":{"line":41,"column":44}},"25":{"start":{"line":47,"column":0},"end":{"line":47,"column":26}}},"fnMap":{"0":{"name":"fetchBins","decl":{"start":{"line":2,"column":15},"end":{"line":2,"column":24}},"loc":{"start":{"line":2,"column":27},"end":{"line":6,"column":1}},"line":2},"1":{"name":"showBins","decl":{"start":{"line":10,"column":9},"end":{"line":10,"column":17}},"loc":{"start":{"line":10,"column":24},"end":{"line":12,"column":1}},"line":10},"2":{"name":"(anonymous_2)","decl":{"start":{"line":11,"column":15},"end":{"line":11,"column":16}},"loc":{"start":{"line":11,"column":24},"end":{"line":11,"column":40}},"line":11},"3":{"name":"showBinInfo","decl":{"start":{"line":14,"column":9},"end":{"line":14,"column":20}},"loc":{"start":{"line":14,"column":26},"end":{"line":38,"column":1}},"line":14},"4":{"name":"(anonymous_4)","decl":{"start":{"line":35,"column":36},"end":{"line":35,"column":37}},"loc":{"start":{"line":35,"column":42},"end":{"line":35,"column":65}},"line":35},"5":{"name":"goToBinPage","decl":{"start":{"line":40,"column":9},"end":{"line":40,"column":20}},"loc":{"start":{"line":40,"column":25},"end":{"line":42,"column":1}},"line":40}},"branchMap":{},"s":{"0":1,"1":1,"2":1,"3":1,"4":1,"5":2,"6":2,"7":2,"8":2,"9":2,"10":2,"11":2,"12":2,"13":2,"14":2,"15":2,"16":2,"17":2,"18":2,"19":2,"20":2,"21":0,"22":2,"23":2,"24":0,"25":1},"f":{"0":1,"1":1,"2":2,"3":2,"4":0,"5":0},"b":{},"_coverageSchema":"1a1c01bbd47fc00a2c39e90264f33305004495a9","hash":"a8d8f7d6841dd834d3da9d17ce5665c07bd99e8b"}
}
