{"C:\\Users\\bayin\\Documents\\LFA\\group projects\\reddy_22\\reddy22_client\\static\\js\\bin.js": {"path":"C:\\Users\\bayin\\Documents\\LFA\\group projects\\reddy_22\\reddy22_client\\static\\js\\bin.js","statementMap":{"0":{"start":{"line":1,"column":18},"end":{"line":1,"column":61}},"1":{"start":{"line":2,"column":11},"end":{"line":2,"column":30}},"2":{"start":{"line":9,"column":21},"end":{"line":9,"column":57}},"3":{"start":{"line":10,"column":20},"end":{"line":10,"column":55}},"4":{"start":{"line":11,"column":21},"end":{"line":11,"column":65}},"5":{"start":{"line":12,"column":21},"end":{"line":12,"column":57}},"6":{"start":{"line":13,"column":4},"end":{"line":24,"column":35}},"7":{"start":{"line":14,"column":22},"end":{"line":14,"column":33}},"8":{"start":{"line":16,"column":12},"end":{"line":16,"column":48}},"9":{"start":{"line":17,"column":12},"end":{"line":17,"column":43}},"10":{"start":{"line":18,"column":12},"end":{"line":18,"column":69}},"11":{"start":{"line":19,"column":12},"end":{"line":19,"column":41}},"12":{"start":{"line":20,"column":12},"end":{"line":22,"column":13}},"13":{"start":{"line":20,"column":25},"end":{"line":20,"column":26}},"14":{"start":{"line":21,"column":16},"end":{"line":21,"column":52}},"15":{"start":{"line":24,"column":20},"end":{"line":24,"column":34}},"16":{"start":{"line":27,"column":0},"end":{"line":31,"column":2}},"17":{"start":{"line":28,"column":4},"end":{"line":28,"column":14}},"18":{"start":{"line":29,"column":4},"end":{"line":29,"column":21}},"19":{"start":{"line":30,"column":4},"end":{"line":30,"column":24}},"20":{"start":{"line":36,"column":4},"end":{"line":41,"column":35}},"21":{"start":{"line":37,"column":22},"end":{"line":37,"column":33}},"22":{"start":{"line":39,"column":12},"end":{"line":39,"column":25}},"23":{"start":{"line":41,"column":20},"end":{"line":41,"column":34}},"24":{"start":{"line":45,"column":4},"end":{"line":45,"column":39}},"25":{"start":{"line":45,"column":22},"end":{"line":45,"column":38}},"26":{"start":{"line":49,"column":15},"end":{"line":49,"column":53}},"27":{"start":{"line":50,"column":15},"end":{"line":50,"column":43}},"28":{"start":{"line":52,"column":22},"end":{"line":52,"column":49}},"29":{"start":{"line":53,"column":4},"end":{"line":53,"column":45}},"30":{"start":{"line":55,"column":4},"end":{"line":55,"column":29}},"31":{"start":{"line":56,"column":4},"end":{"line":56,"column":61}},"32":{"start":{"line":58,"column":4},"end":{"line":58,"column":22}},"33":{"start":{"line":63,"column":4},"end":{"line":68,"column":35}},"34":{"start":{"line":64,"column":22},"end":{"line":64,"column":33}},"35":{"start":{"line":66,"column":12},"end":{"line":66,"column":27}},"36":{"start":{"line":68,"column":20},"end":{"line":68,"column":34}},"37":{"start":{"line":72,"column":4},"end":{"line":72,"column":42}},"38":{"start":{"line":72,"column":22},"end":{"line":72,"column":41}},"39":{"start":{"line":76,"column":15},"end":{"line":76,"column":57}},"40":{"start":{"line":77,"column":15},"end":{"line":77,"column":43}},"41":{"start":{"line":79,"column":18},"end":{"line":79,"column":45}},"42":{"start":{"line":80,"column":4},"end":{"line":80,"column":37}},"43":{"start":{"line":82,"column":4},"end":{"line":82,"column":25}},"44":{"start":{"line":83,"column":4},"end":{"line":83,"column":61}},"45":{"start":{"line":84,"column":4},"end":{"line":84,"column":22}},"46":{"start":{"line":87,"column":0},"end":{"line":87,"column":66}}},"fnMap":{"0":{"name":"fetchBin","decl":{"start":{"line":6,"column":15},"end":{"line":6,"column":23}},"loc":{"start":{"line":6,"column":26},"end":{"line":25,"column":1}},"line":6},"1":{"name":"(anonymous_1)","decl":{"start":{"line":14,"column":14},"end":{"line":14,"column":15}},"loc":{"start":{"line":14,"column":22},"end":{"line":14,"column":33}},"line":14},"2":{"name":"(anonymous_2)","decl":{"start":{"line":15,"column":14},"end":{"line":15,"column":15}},"loc":{"start":{"line":15,"column":22},"end":{"line":23,"column":9}},"line":15},"3":{"name":"(anonymous_3)","decl":{"start":{"line":24,"column":15},"end":{"line":24,"column":16}},"loc":{"start":{"line":24,"column":20},"end":{"line":24,"column":34}},"line":24},"4":{"name":"(anonymous_4)","decl":{"start":{"line":27,"column":46},"end":{"line":27,"column":47}},"loc":{"start":{"line":27,"column":52},"end":{"line":31,"column":1}},"line":27},"5":{"name":"fetchToPutInBin","decl":{"start":{"line":35,"column":15},"end":{"line":35,"column":30}},"loc":{"start":{"line":35,"column":33},"end":{"line":42,"column":1}},"line":35},"6":{"name":"(anonymous_6)","decl":{"start":{"line":37,"column":14},"end":{"line":37,"column":15}},"loc":{"start":{"line":37,"column":22},"end":{"line":37,"column":33}},"line":37},"7":{"name":"(anonymous_7)","decl":{"start":{"line":38,"column":14},"end":{"line":38,"column":15}},"loc":{"start":{"line":38,"column":22},"end":{"line":40,"column":9}},"line":38},"8":{"name":"(anonymous_8)","decl":{"start":{"line":41,"column":15},"end":{"line":41,"column":16}},"loc":{"start":{"line":41,"column":20},"end":{"line":41,"column":34}},"line":41},"9":{"name":"showAll","decl":{"start":{"line":44,"column":9},"end":{"line":44,"column":16}},"loc":{"start":{"line":44,"column":23},"end":{"line":46,"column":1}},"line":44},"10":{"name":"(anonymous_10)","decl":{"start":{"line":45,"column":17},"end":{"line":45,"column":18}},"loc":{"start":{"line":45,"column":22},"end":{"line":45,"column":38}},"line":45},"11":{"name":"showItem","decl":{"start":{"line":48,"column":9},"end":{"line":48,"column":17}},"loc":{"start":{"line":48,"column":24},"end":{"line":59,"column":1}},"line":48},"12":{"name":"fetchNotToPutInBin","decl":{"start":{"line":62,"column":15},"end":{"line":62,"column":33}},"loc":{"start":{"line":62,"column":36},"end":{"line":69,"column":1}},"line":62},"13":{"name":"(anonymous_13)","decl":{"start":{"line":64,"column":14},"end":{"line":64,"column":15}},"loc":{"start":{"line":64,"column":22},"end":{"line":64,"column":33}},"line":64},"14":{"name":"(anonymous_14)","decl":{"start":{"line":65,"column":14},"end":{"line":65,"column":15}},"loc":{"start":{"line":65,"column":22},"end":{"line":67,"column":9}},"line":65},"15":{"name":"(anonymous_15)","decl":{"start":{"line":68,"column":15},"end":{"line":68,"column":16}},"loc":{"start":{"line":68,"column":20},"end":{"line":68,"column":34}},"line":68},"16":{"name":"showItems","decl":{"start":{"line":71,"column":9},"end":{"line":71,"column":18}},"loc":{"start":{"line":71,"column":25},"end":{"line":73,"column":1}},"line":71},"17":{"name":"(anonymous_17)","decl":{"start":{"line":72,"column":17},"end":{"line":72,"column":18}},"loc":{"start":{"line":72,"column":22},"end":{"line":72,"column":41}},"line":72},"18":{"name":"showNotItem","decl":{"start":{"line":75,"column":9},"end":{"line":75,"column":20}},"loc":{"start":{"line":75,"column":27},"end":{"line":85,"column":1}},"line":75}},"branchMap":{},"s":{"0":1,"1":1,"2":1,"3":1,"4":1,"5":1,"6":1,"7":1,"8":1,"9":1,"10":1,"11":0,"12":0,"13":0,"14":0,"15":1,"16":1,"17":0,"18":0,"19":0,"20":1,"21":1,"22":1,"23":0,"24":1,"25":1,"26":1,"27":1,"28":1,"29":1,"30":1,"31":1,"32":1,"33":1,"34":1,"35":1,"36":0,"37":1,"38":1,"39":1,"40":1,"41":1,"42":1,"43":1,"44":1,"45":1,"46":1},"f":{"0":1,"1":1,"2":1,"3":1,"4":0,"5":1,"6":1,"7":1,"8":0,"9":1,"10":1,"11":1,"12":1,"13":1,"14":1,"15":0,"16":1,"17":1,"18":1},"b":{},"_coverageSchema":"1a1c01bbd47fc00a2c39e90264f33305004495a9","hash":"ce0162c84ce42170310425a3f104f341fb5c7974"}
,"C:\\Users\\bayin\\Documents\\LFA\\group projects\\reddy_22\\reddy22_client\\static\\js\\recycleHome.js": {"path":"C:\\Users\\bayin\\Documents\\LFA\\group projects\\reddy_22\\reddy22_client\\static\\js\\recycleHome.js","statementMap":{"0":{"start":{"line":2,"column":19},"end":{"line":2,"column":72}},"1":{"start":{"line":3,"column":15},"end":{"line":3,"column":36}},"2":{"start":{"line":4,"column":2},"end":{"line":4,"column":17}},"3":{"start":{"line":6,"column":0},"end":{"line":6,"column":57}},"4":{"start":{"line":10,"column":2},"end":{"line":10,"column":42}},"5":{"start":{"line":10,"column":24},"end":{"line":10,"column":40}},"6":{"start":{"line":14,"column":18},"end":{"line":14,"column":50}},"7":{"start":{"line":15,"column":2},"end":{"line":15,"column":36}},"8":{"start":{"line":17,"column":16},"end":{"line":17,"column":44}},"9":{"start":{"line":18,"column":2},"end":{"line":18,"column":35}},"10":{"start":{"line":19,"column":2},"end":{"line":19,"column":31}},"11":{"start":{"line":21,"column":22},"end":{"line":21,"column":49}},"12":{"start":{"line":22,"column":2},"end":{"line":22,"column":37}},"13":{"start":{"line":23,"column":2},"end":{"line":23,"column":43}},"14":{"start":{"line":25,"column":19},"end":{"line":25,"column":48}},"15":{"start":{"line":26,"column":2},"end":{"line":26,"column":31}},"16":{"start":{"line":27,"column":2},"end":{"line":27,"column":30}},"17":{"start":{"line":28,"column":2},"end":{"line":28,"column":41}},"18":{"start":{"line":30,"column":2},"end":{"line":30,"column":29}},"19":{"start":{"line":32,"column":2},"end":{"line":32,"column":32}},"20":{"start":{"line":34,"column":2},"end":{"line":34,"column":67}},"21":{"start":{"line":34,"column":42},"end":{"line":34,"column":65}},"22":{"start":{"line":35,"column":24},"end":{"line":35,"column":65}},"23":{"start":{"line":36,"column":2},"end":{"line":36,"column":37}},"24":{"start":{"line":40,"column":2},"end":{"line":40,"column":45}},"25":{"start":{"line":43,"column":0},"end":{"line":43,"column":31}}},"fnMap":{"0":{"name":"fetchBins","decl":{"start":{"line":1,"column":15},"end":{"line":1,"column":24}},"loc":{"start":{"line":1,"column":27},"end":{"line":5,"column":1}},"line":1},"1":{"name":"showBins","decl":{"start":{"line":9,"column":9},"end":{"line":9,"column":17}},"loc":{"start":{"line":9,"column":24},"end":{"line":11,"column":1}},"line":9},"2":{"name":"(anonymous_2)","decl":{"start":{"line":10,"column":15},"end":{"line":10,"column":16}},"loc":{"start":{"line":10,"column":24},"end":{"line":10,"column":40}},"line":10},"3":{"name":"showBinInfo","decl":{"start":{"line":13,"column":9},"end":{"line":13,"column":20}},"loc":{"start":{"line":13,"column":26},"end":{"line":37,"column":1}},"line":13},"4":{"name":"(anonymous_4)","decl":{"start":{"line":34,"column":36},"end":{"line":34,"column":37}},"loc":{"start":{"line":34,"column":42},"end":{"line":34,"column":65}},"line":34},"5":{"name":"goToBinPage","decl":{"start":{"line":39,"column":9},"end":{"line":39,"column":20}},"loc":{"start":{"line":39,"column":25},"end":{"line":41,"column":1}},"line":39}},"branchMap":{},"s":{"0":1,"1":1,"2":1,"3":1,"4":1,"5":2,"6":2,"7":2,"8":2,"9":2,"10":2,"11":2,"12":2,"13":2,"14":2,"15":2,"16":2,"17":2,"18":2,"19":2,"20":2,"21":0,"22":2,"23":2,"24":0,"25":1},"f":{"0":1,"1":1,"2":2,"3":2,"4":0,"5":0},"b":{},"_coverageSchema":"1a1c01bbd47fc00a2c39e90264f33305004495a9","hash":"2d292e3a77102d265072a1be02ee493e363037e5"}
,"C:\\Users\\bayin\\Documents\\LFA\\group projects\\reddy_22\\reddy22_client\\static\\js\\recycling.js": {"path":"C:\\Users\\bayin\\Documents\\LFA\\group projects\\reddy_22\\reddy22_client\\static\\js\\recycling.js","statementMap":{"0":{"start":{"line":7,"column":19},"end":{"line":7,"column":54}},"1":{"start":{"line":8,"column":0},"end":{"line":13,"column":1}},"2":{"start":{"line":9,"column":2},"end":{"line":12,"column":4}},"3":{"start":{"line":10,"column":4},"end":{"line":10,"column":37}},"4":{"start":{"line":11,"column":4},"end":{"line":11,"column":21}},"5":{"start":{"line":17,"column":16},"end":{"line":17,"column":47}},"6":{"start":{"line":18,"column":16},"end":{"line":18,"column":47}},"7":{"start":{"line":19,"column":16},"end":{"line":19,"column":47}},"8":{"start":{"line":20,"column":16},"end":{"line":20,"column":47}},"9":{"start":{"line":22,"column":14},"end":{"line":22,"column":46}},"10":{"start":{"line":24,"column":12},"end":{"line":24,"column":56}},"11":{"start":{"line":25,"column":13},"end":{"line":25,"column":58}},"12":{"start":{"line":26,"column":0},"end":{"line":28,"column":1}},"13":{"start":{"line":27,"column":2},"end":{"line":27,"column":28}},"14":{"start":{"line":30,"column":0},"end":{"line":32,"column":2}},"15":{"start":{"line":31,"column":2},"end":{"line":31,"column":19}},"16":{"start":{"line":34,"column":15},"end":{"line":34,"column":48}},"17":{"start":{"line":36,"column":0},"end":{"line":38,"column":1}},"18":{"start":{"line":37,"column":2},"end":{"line":37,"column":47}},"19":{"start":{"line":41,"column":2},"end":{"line":41,"column":35}},"20":{"start":{"line":42,"column":2},"end":{"line":42,"column":34}},"21":{"start":{"line":43,"column":2},"end":{"line":43,"column":26}},"22":{"start":{"line":45,"column":2},"end":{"line":45,"column":47}},"23":{"start":{"line":46,"column":14},"end":{"line":46,"column":44}},"24":{"start":{"line":47,"column":2},"end":{"line":49,"column":3}},"25":{"start":{"line":48,"column":4},"end":{"line":48,"column":30}},"26":{"start":{"line":50,"column":15},"end":{"line":50,"column":46}},"27":{"start":{"line":51,"column":2},"end":{"line":53,"column":3}},"28":{"start":{"line":52,"column":4},"end":{"line":52,"column":32}},"29":{"start":{"line":55,"column":2},"end":{"line":55,"column":11}},"30":{"start":{"line":56,"column":2},"end":{"line":56,"column":12}},"31":{"start":{"line":60,"column":18},"end":{"line":60,"column":54}},"32":{"start":{"line":62,"column":2},"end":{"line":67,"column":4}},"33":{"start":{"line":63,"column":4},"end":{"line":66,"column":5}},"34":{"start":{"line":64,"column":6},"end":{"line":64,"column":49}},"35":{"start":{"line":65,"column":6},"end":{"line":65,"column":29}},"36":{"start":{"line":69,"column":2},"end":{"line":71,"column":3}},"37":{"start":{"line":70,"column":4},"end":{"line":70,"column":30}},"38":{"start":{"line":72,"column":18},"end":{"line":72,"column":52}},"39":{"start":{"line":73,"column":2},"end":{"line":76,"column":31}},"40":{"start":{"line":74,"column":18},"end":{"line":74,"column":29}},"41":{"start":{"line":75,"column":18},"end":{"line":75,"column":33}},"42":{"start":{"line":76,"column":16},"end":{"line":76,"column":30}},"43":{"start":{"line":80,"column":2},"end":{"line":86,"column":3}},"44":{"start":{"line":81,"column":21},"end":{"line":81,"column":74}},"45":{"start":{"line":82,"column":17},"end":{"line":82,"column":38}},"46":{"start":{"line":83,"column":4},"end":{"line":83,"column":26}},"47":{"start":{"line":85,"column":4},"end":{"line":85,"column":18}},"48":{"start":{"line":89,"column":19},"end":{"line":89,"column":61}},"49":{"start":{"line":91,"column":0},"end":{"line":96,"column":2}},"50":{"start":{"line":92,"column":2},"end":{"line":95,"column":4}},"51":{"start":{"line":93,"column":4},"end":{"line":93,"column":24}},"52":{"start":{"line":94,"column":4},"end":{"line":94,"column":38}},"53":{"start":{"line":101,"column":18},"end":{"line":101,"column":54}},"54":{"start":{"line":103,"column":23},"end":{"line":103,"column":59}},"55":{"start":{"line":103,"column":39},"end":{"line":103,"column":58}},"56":{"start":{"line":105,"column":2},"end":{"line":113,"column":4}},"57":{"start":{"line":106,"column":4},"end":{"line":112,"column":5}},"58":{"start":{"line":107,"column":6},"end":{"line":107,"column":27}},"59":{"start":{"line":108,"column":23},"end":{"line":108,"column":52}},"60":{"start":{"line":109,"column":6},"end":{"line":109,"column":50}},"61":{"start":{"line":110,"column":6},"end":{"line":110,"column":34}},"62":{"start":{"line":111,"column":6},"end":{"line":111,"column":45}},"63":{"start":{"line":118,"column":21},"end":{"line":118,"column":53}},"64":{"start":{"line":119,"column":2},"end":{"line":121,"column":3}},"65":{"start":{"line":120,"column":4},"end":{"line":120,"column":40}},"66":{"start":{"line":123,"column":2},"end":{"line":123,"column":22}},"67":{"start":{"line":124,"column":15},"end":{"line":124,"column":24}},"68":{"start":{"line":125,"column":19},"end":{"line":125,"column":54}},"69":{"start":{"line":127,"column":2},"end":{"line":129,"column":3}},"70":{"start":{"line":128,"column":4},"end":{"line":128,"column":31}},"71":{"start":{"line":131,"column":2},"end":{"line":131,"column":13}},"72":{"start":{"line":132,"column":18},"end":{"line":132,"column":54}},"73":{"start":{"line":134,"column":2},"end":{"line":136,"column":4}},"74":{"start":{"line":135,"column":4},"end":{"line":135,"column":50}},"75":{"start":{"line":138,"column":2},"end":{"line":140,"column":3}},"76":{"start":{"line":139,"column":4},"end":{"line":139,"column":13}},"77":{"start":{"line":145,"column":18},"end":{"line":145,"column":49}},"78":{"start":{"line":146,"column":18},"end":{"line":146,"column":49}},"79":{"start":{"line":147,"column":18},"end":{"line":147,"column":49}},"80":{"start":{"line":148,"column":18},"end":{"line":148,"column":49}},"81":{"start":{"line":149,"column":21},"end":{"line":149,"column":56}},"82":{"start":{"line":150,"column":19},"end":{"line":150,"column":54}},"83":{"start":{"line":152,"column":2},"end":{"line":181,"column":3}},"84":{"start":{"line":153,"column":4},"end":{"line":153,"column":27}},"85":{"start":{"line":154,"column":4},"end":{"line":154,"column":27}},"86":{"start":{"line":155,"column":4},"end":{"line":155,"column":27}},"87":{"start":{"line":156,"column":4},"end":{"line":156,"column":27}},"88":{"start":{"line":158,"column":4},"end":{"line":158,"column":31}},"89":{"start":{"line":161,"column":4},"end":{"line":161,"column":60}},"90":{"start":{"line":162,"column":4},"end":{"line":177,"column":5}},"91":{"start":{"line":163,"column":6},"end":{"line":163,"column":35}},"92":{"start":{"line":164,"column":6},"end":{"line":164,"column":14}},"93":{"start":{"line":165,"column":6},"end":{"line":165,"column":44}},"94":{"start":{"line":167,"column":6},"end":{"line":167,"column":56}},"95":{"start":{"line":168,"column":6},"end":{"line":168,"column":66}},"96":{"start":{"line":170,"column":6},"end":{"line":170,"column":33}},"97":{"start":{"line":171,"column":6},"end":{"line":171,"column":56}},"98":{"start":{"line":172,"column":22},"end":{"line":172,"column":58}},"99":{"start":{"line":173,"column":28},"end":{"line":173,"column":73}},"100":{"start":{"line":173,"column":51},"end":{"line":173,"column":72}},"101":{"start":{"line":174,"column":6},"end":{"line":176,"column":7}},"102":{"start":{"line":175,"column":8},"end":{"line":175,"column":46}},"103":{"start":{"line":179,"column":4},"end":{"line":179,"column":11}},"104":{"start":{"line":180,"column":4},"end":{"line":180,"column":40}},"105":{"start":{"line":186,"column":14},"end":{"line":186,"column":44}},"106":{"start":{"line":187,"column":15},"end":{"line":187,"column":46}},"107":{"start":{"line":190,"column":2},"end":{"line":192,"column":3}},"108":{"start":{"line":191,"column":4},"end":{"line":191,"column":31}},"109":{"start":{"line":193,"column":2},"end":{"line":195,"column":3}},"110":{"start":{"line":194,"column":4},"end":{"line":194,"column":31}},"111":{"start":{"line":196,"column":21},"end":{"line":196,"column":58}},"112":{"start":{"line":197,"column":18},"end":{"line":197,"column":52}},"113":{"start":{"line":199,"column":16},"end":{"line":199,"column":60}},"114":{"start":{"line":200,"column":2},"end":{"line":202,"column":3}},"115":{"start":{"line":201,"column":4},"end":{"line":201,"column":36}},"116":{"start":{"line":203,"column":2},"end":{"line":213,"column":3}},"117":{"start":{"line":204,"column":4},"end":{"line":212,"column":5}},"118":{"start":{"line":205,"column":6},"end":{"line":206,"column":68}},"119":{"start":{"line":207,"column":11},"end":{"line":212,"column":5}},"120":{"start":{"line":208,"column":6},"end":{"line":208,"column":73}},"121":{"start":{"line":210,"column":6},"end":{"line":211,"column":65}},"122":{"start":{"line":214,"column":2},"end":{"line":214,"column":35}},"123":{"start":{"line":215,"column":2},"end":{"line":215,"column":34}},"124":{"start":{"line":216,"column":2},"end":{"line":216,"column":12}},"125":{"start":{"line":217,"column":2},"end":{"line":217,"column":11}},"126":{"start":{"line":220,"column":0},"end":{"line":228,"column":1}}},"fnMap":{"0":{"name":"(anonymous_0)","decl":{"start":{"line":9,"column":39},"end":{"line":9,"column":40}},"loc":{"start":{"line":9,"column":45},"end":{"line":12,"column":3}},"line":9},"1":{"name":"(anonymous_1)","decl":{"start":{"line":30,"column":46},"end":{"line":30,"column":47}},"loc":{"start":{"line":30,"column":52},"end":{"line":32,"column":1}},"line":30},"2":{"name":"restartGame","decl":{"start":{"line":40,"column":9},"end":{"line":40,"column":20}},"loc":{"start":{"line":40,"column":23},"end":{"line":57,"column":1}},"line":40},"3":{"name":"getRandQuestion","decl":{"start":{"line":59,"column":15},"end":{"line":59,"column":30}},"loc":{"start":{"line":59,"column":33},"end":{"line":77,"column":1}},"line":59},"4":{"name":"(anonymous_4)","decl":{"start":{"line":62,"column":18},"end":{"line":62,"column":19}},"loc":{"start":{"line":62,"column":28},"end":{"line":67,"column":3}},"line":62},"5":{"name":"(anonymous_5)","decl":{"start":{"line":74,"column":10},"end":{"line":74,"column":11}},"loc":{"start":{"line":74,"column":18},"end":{"line":74,"column":29}},"line":74},"6":{"name":"(anonymous_6)","decl":{"start":{"line":75,"column":10},"end":{"line":75,"column":11}},"loc":{"start":{"line":75,"column":18},"end":{"line":75,"column":33}},"line":75},"7":{"name":"(anonymous_7)","decl":{"start":{"line":76,"column":11},"end":{"line":76,"column":12}},"loc":{"start":{"line":76,"column":16},"end":{"line":76,"column":30}},"line":76},"8":{"name":"fetchBins","decl":{"start":{"line":79,"column":15},"end":{"line":79,"column":24}},"loc":{"start":{"line":79,"column":27},"end":{"line":87,"column":1}},"line":79},"9":{"name":"(anonymous_9)","decl":{"start":{"line":91,"column":19},"end":{"line":91,"column":20}},"loc":{"start":{"line":91,"column":29},"end":{"line":96,"column":1}},"line":91},"10":{"name":"(anonymous_10)","decl":{"start":{"line":92,"column":35},"end":{"line":92,"column":36}},"loc":{"start":{"line":92,"column":41},"end":{"line":95,"column":3}},"line":92},"11":{"name":"addImageToButton","decl":{"start":{"line":100,"column":9},"end":{"line":100,"column":25}},"loc":{"start":{"line":100,"column":32},"end":{"line":114,"column":1}},"line":100},"12":{"name":"(anonymous_12)","decl":{"start":{"line":103,"column":33},"end":{"line":103,"column":34}},"loc":{"start":{"line":103,"column":39},"end":{"line":103,"column":58}},"line":103},"13":{"name":"(anonymous_13)","decl":{"start":{"line":105,"column":18},"end":{"line":105,"column":19}},"loc":{"start":{"line":105,"column":37},"end":{"line":113,"column":3}},"line":105},"14":{"name":"fetchInfo","decl":{"start":{"line":117,"column":9},"end":{"line":117,"column":18}},"loc":{"start":{"line":117,"column":25},"end":{"line":141,"column":1}},"line":117},"15":{"name":"(anonymous_15)","decl":{"start":{"line":134,"column":18},"end":{"line":134,"column":19}},"loc":{"start":{"line":134,"column":28},"end":{"line":136,"column":3}},"line":134},"16":{"name":"checkAnswer","decl":{"start":{"line":143,"column":9},"end":{"line":143,"column":20}},"loc":{"start":{"line":143,"column":23},"end":{"line":182,"column":1}},"line":143},"17":{"name":"(anonymous_17)","decl":{"start":{"line":173,"column":41},"end":{"line":173,"column":42}},"loc":{"start":{"line":173,"column":51},"end":{"line":173,"column":72}},"line":173},"18":{"name":"endGame","decl":{"start":{"line":185,"column":9},"end":{"line":185,"column":16}},"loc":{"start":{"line":185,"column":19},"end":{"line":218,"column":1}},"line":185}},"branchMap":{"0":{"loc":{"start":{"line":8,"column":0},"end":{"line":13,"column":1}},"type":"if","locations":[{"start":{"line":8,"column":0},"end":{"line":13,"column":1}},{"start":{},"end":{}}],"line":8},"1":{"loc":{"start":{"line":24,"column":12},"end":{"line":24,"column":56}},"type":"binary-expr","locations":[{"start":{"line":24,"column":12},"end":{"line":24,"column":51}},{"start":{"line":24,"column":55},"end":{"line":24,"column":56}}],"line":24},"2":{"loc":{"start":{"line":25,"column":13},"end":{"line":25,"column":58}},"type":"binary-expr","locations":[{"start":{"line":25,"column":13},"end":{"line":25,"column":53}},{"start":{"line":25,"column":57},"end":{"line":25,"column":58}}],"line":25},"3":{"loc":{"start":{"line":26,"column":0},"end":{"line":28,"column":1}},"type":"if","locations":[{"start":{"line":26,"column":0},"end":{"line":28,"column":1}},{"start":{},"end":{}}],"line":26},"4":{"loc":{"start":{"line":36,"column":0},"end":{"line":38,"column":1}},"type":"if","locations":[{"start":{"line":36,"column":0},"end":{"line":38,"column":1}},{"start":{},"end":{}}],"line":36},"5":{"loc":{"start":{"line":47,"column":2},"end":{"line":49,"column":3}},"type":"if","locations":[{"start":{"line":47,"column":2},"end":{"line":49,"column":3}},{"start":{},"end":{}}],"line":47},"6":{"loc":{"start":{"line":51,"column":2},"end":{"line":53,"column":3}},"type":"if","locations":[{"start":{"line":51,"column":2},"end":{"line":53,"column":3}},{"start":{},"end":{}}],"line":51},"7":{"loc":{"start":{"line":63,"column":4},"end":{"line":66,"column":5}},"type":"if","locations":[{"start":{"line":63,"column":4},"end":{"line":66,"column":5}},{"start":{},"end":{}}],"line":63},"8":{"loc":{"start":{"line":69,"column":2},"end":{"line":71,"column":3}},"type":"if","locations":[{"start":{"line":69,"column":2},"end":{"line":71,"column":3}},{"start":{},"end":{}}],"line":69},"9":{"loc":{"start":{"line":106,"column":4},"end":{"line":112,"column":5}},"type":"if","locations":[{"start":{"line":106,"column":4},"end":{"line":112,"column":5}},{"start":{},"end":{}}],"line":106},"10":{"loc":{"start":{"line":119,"column":2},"end":{"line":121,"column":3}},"type":"if","locations":[{"start":{"line":119,"column":2},"end":{"line":121,"column":3}},{"start":{},"end":{}}],"line":119},"11":{"loc":{"start":{"line":127,"column":2},"end":{"line":129,"column":3}},"type":"if","locations":[{"start":{"line":127,"column":2},"end":{"line":129,"column":3}},{"start":{},"end":{}}],"line":127},"12":{"loc":{"start":{"line":138,"column":2},"end":{"line":140,"column":3}},"type":"if","locations":[{"start":{"line":138,"column":2},"end":{"line":140,"column":3}},{"start":{},"end":{}}],"line":138},"13":{"loc":{"start":{"line":152,"column":2},"end":{"line":181,"column":3}},"type":"if","locations":[{"start":{"line":152,"column":2},"end":{"line":181,"column":3}},{"start":{},"end":{}}],"line":152},"14":{"loc":{"start":{"line":152,"column":6},"end":{"line":152,"column":58}},"type":"binary-expr","locations":[{"start":{"line":152,"column":6},"end":{"line":152,"column":13}},{"start":{"line":152,"column":17},"end":{"line":152,"column":24}},{"start":{"line":152,"column":28},"end":{"line":152,"column":35}},{"start":{"line":152,"column":39},"end":{"line":152,"column":46}},{"start":{"line":152,"column":50},"end":{"line":152,"column":58}}],"line":152},"15":{"loc":{"start":{"line":162,"column":4},"end":{"line":177,"column":5}},"type":"if","locations":[{"start":{"line":162,"column":4},"end":{"line":177,"column":5}},{"start":{"line":169,"column":11},"end":{"line":177,"column":5}}],"line":162},"16":{"loc":{"start":{"line":174,"column":6},"end":{"line":176,"column":7}},"type":"if","locations":[{"start":{"line":174,"column":6},"end":{"line":176,"column":7}},{"start":{},"end":{}}],"line":174},"17":{"loc":{"start":{"line":190,"column":2},"end":{"line":192,"column":3}},"type":"if","locations":[{"start":{"line":190,"column":2},"end":{"line":192,"column":3}},{"start":{},"end":{}}],"line":190},"18":{"loc":{"start":{"line":193,"column":2},"end":{"line":195,"column":3}},"type":"if","locations":[{"start":{"line":193,"column":2},"end":{"line":195,"column":3}},{"start":{},"end":{}}],"line":193},"19":{"loc":{"start":{"line":200,"column":2},"end":{"line":202,"column":3}},"type":"if","locations":[{"start":{"line":200,"column":2},"end":{"line":202,"column":3}},{"start":{},"end":{}}],"line":200},"20":{"loc":{"start":{"line":203,"column":2},"end":{"line":213,"column":3}},"type":"if","locations":[{"start":{"line":203,"column":2},"end":{"line":213,"column":3}},{"start":{},"end":{}}],"line":203},"21":{"loc":{"start":{"line":204,"column":4},"end":{"line":212,"column":5}},"type":"if","locations":[{"start":{"line":204,"column":4},"end":{"line":212,"column":5}},{"start":{"line":207,"column":11},"end":{"line":212,"column":5}}],"line":204},"22":{"loc":{"start":{"line":207,"column":11},"end":{"line":212,"column":5}},"type":"if","locations":[{"start":{"line":207,"column":11},"end":{"line":212,"column":5}},{"start":{"line":209,"column":11},"end":{"line":212,"column":5}}],"line":207}},"s":{"0":1,"1":1,"2":0,"3":0,"4":0,"5":1,"6":1,"7":1,"8":1,"9":1,"10":1,"11":1,"12":1,"13":0,"14":1,"15":0,"16":1,"17":1,"18":0,"19":1,"20":1,"21":1,"22":1,"23":1,"24":1,"25":1,"26":1,"27":1,"28":1,"29":1,"30":1,"31":1,"32":1,"33":4,"34":0,"35":0,"36":1,"37":0,"38":1,"39":1,"40":1,"41":0,"42":1,"43":2,"44":2,"45":2,"46":0,"47":2,"48":1,"49":1,"50":0,"51":0,"52":0,"53":1,"54":1,"55":5,"56":1,"57":4,"58":0,"59":0,"60":0,"61":0,"62":0,"63":1,"64":1,"65":1,"66":1,"67":1,"68":1,"69":1,"70":1,"71":1,"72":1,"73":1,"74":0,"75":1,"76":0,"77":1,"78":1,"79":1,"80":1,"81":1,"82":1,"83":1,"84":0,"85":0,"86":0,"87":0,"88":0,"89":0,"90":0,"91":0,"92":0,"93":0,"94":0,"95":0,"96":0,"97":0,"98":0,"99":0,"100":0,"101":0,"102":0,"103":0,"104":0,"105":3,"106":3,"107":3,"108":1,"109":3,"110":1,"111":3,"112":3,"113":3,"114":3,"115":1,"116":3,"117":3,"118":1,"119":2,"120":1,"121":1,"122":3,"123":3,"124":3,"125":3,"126":1},"f":{"0":0,"1":0,"2":1,"3":1,"4":4,"5":1,"6":0,"7":1,"8":2,"9":0,"10":0,"11":1,"12":5,"13":4,"14":1,"15":0,"16":1,"17":0,"18":3},"b":{"0":[0,1],"1":[1,1],"2":[1,1],"3":[0,1],"4":[0,1],"5":[1,0],"6":[1,0],"7":[0,4],"8":[0,1],"9":[0,4],"10":[1,0],"11":[1,0],"12":[0,1],"13":[0,1],"14":[1,1,1,1,1],"15":[0,0],"16":[0,0],"17":[1,2],"18":[1,2],"19":[1,2],"20":[3,0],"21":[1,2],"22":[1,1]},"_coverageSchema":"1a1c01bbd47fc00a2c39e90264f33305004495a9","hash":"f5d53d691615c28d4e27deb05a0dcd6c7a96c5ed"}
}
