TN:
SF:static\js\bin.js
FN:6,fetchBin
FN:14,(anonymous_1)
FN:15,(anonymous_2)
FN:24,(anonymous_3)
FN:27,(anonymous_4)
FN:35,fetchToPutInBin
FN:37,(anonymous_6)
FN:38,(anonymous_7)
FN:41,(anonymous_8)
FN:44,showAll
FN:45,(anonymous_10)
FN:48,showItem
FN:62,fetchNotToPutInBin
FN:64,(anonymous_13)
FN:65,(anonymous_14)
FN:68,(anonymous_15)
FN:71,showItems
FN:72,(anonymous_17)
FN:75,showNotItem
FNF:19
FNH:16
FNDA:1,fetchBin
FNDA:1,(anonymous_1)
FNDA:1,(anonymous_2)
FNDA:1,(anonymous_3)
FNDA:0,(anonymous_4)
FNDA:1,fetchToPutInBin
FNDA:1,(anonymous_6)
FNDA:1,(anonymous_7)
FNDA:0,(anonymous_8)
FNDA:1,showAll
FNDA:1,(anonymous_10)
FNDA:1,showItem
FNDA:1,fetchNotToPutInBin
FNDA:1,(anonymous_13)
FNDA:1,(anonymous_14)
FNDA:0,(anonymous_15)
FNDA:1,showItems
FNDA:1,(anonymous_17)
FNDA:1,showNotItem
DA:1,1
DA:2,1
DA:9,1
DA:10,1
DA:11,1
DA:12,1
DA:13,1
DA:14,1
DA:16,1
DA:17,1
DA:18,1
DA:19,0
DA:20,0
DA:21,0
DA:24,1
DA:27,1
DA:28,0
DA:29,0
DA:30,0
DA:36,1
DA:37,1
DA:39,1
DA:41,0
DA:45,1
DA:49,1
DA:50,1
DA:52,1
DA:53,1
DA:55,1
DA:56,1
DA:58,1
DA:63,1
DA:64,1
DA:66,1
DA:68,0
DA:72,1
DA:76,1
DA:77,1
DA:79,1
DA:80,1
DA:82,1
DA:83,1
DA:84,1
DA:87,1
LF:44
LH:36
BRF:0
BRH:0
end_of_record
TN:
SF:static\js\recycleHome.js
FN:2,fetchBins
FN:10,showBins
FN:11,(anonymous_2)
FN:14,showBinInfo
FN:35,(anonymous_4)
FN:40,goToBinPage
FNF:6
FNH:4
FNDA:1,fetchBins
FNDA:1,showBins
FNDA:2,(anonymous_2)
FNDA:2,showBinInfo
FNDA:0,(anonymous_4)
FNDA:0,goToBinPage
DA:3,1
DA:4,1
DA:5,1
DA:7,1
DA:11,2
DA:15,2
DA:16,2
DA:18,2
DA:19,2
DA:20,2
DA:22,2
DA:23,2
DA:24,2
DA:26,2
DA:27,2
DA:28,2
DA:29,2
DA:31,2
DA:33,2
DA:35,2
DA:36,2
DA:37,2
DA:41,0
DA:47,1
LF:24
LH:23
BRF:0
BRH:0
end_of_record
TN:
SF:static\js\recycling.js
FN:9,(anonymous_0)
FN:30,(anonymous_1)
FN:40,restartGame
FN:59,getRandQuestion
FN:62,(anonymous_4)
FN:74,(anonymous_5)
FN:75,(anonymous_6)
FN:76,(anonymous_7)
FN:79,fetchBins
FN:91,(anonymous_9)
FN:92,(anonymous_10)
FN:100,addImageToButton
FN:103,(anonymous_12)
FN:105,(anonymous_13)
FN:117,fetchInfo
FN:134,(anonymous_15)
FN:143,checkAnswer
FN:173,(anonymous_17)
FN:185,endGame
FNF:19
FNH:12
FNDA:0,(anonymous_0)
FNDA:0,(anonymous_1)
FNDA:1,restartGame
FNDA:1,getRandQuestion
FNDA:4,(anonymous_4)
FNDA:1,(anonymous_5)
FNDA:0,(anonymous_6)
FNDA:1,(anonymous_7)
FNDA:2,fetchBins
FNDA:0,(anonymous_9)
FNDA:0,(anonymous_10)
FNDA:1,addImageToButton
FNDA:3,(anonymous_12)
FNDA:4,(anonymous_13)
FNDA:1,fetchInfo
FNDA:0,(anonymous_15)
FNDA:1,checkAnswer
FNDA:0,(anonymous_17)
FNDA:3,endGame
DA:7,1
DA:8,1
DA:9,0
DA:10,0
DA:11,0
DA:17,1
DA:18,1
DA:19,1
DA:20,1
DA:22,1
DA:24,1
DA:25,1
DA:26,1
DA:27,0
DA:30,1
DA:31,0
DA:34,1
DA:36,1
DA:37,0
DA:41,1
DA:42,1
DA:43,1
DA:45,1
DA:46,1
DA:47,1
DA:48,1
DA:50,1
DA:51,1
DA:52,1
DA:55,1
DA:56,1
DA:60,1
DA:62,1
DA:63,4
DA:64,0
DA:65,0
DA:69,1
DA:70,0
DA:72,1
DA:73,1
DA:74,1
DA:75,0
DA:76,1
DA:80,2
DA:81,2
DA:82,2
DA:83,0
DA:85,2
DA:89,1
DA:91,1
DA:92,0
DA:93,0
DA:94,0
DA:101,1
DA:103,3
DA:105,1
DA:106,4
DA:107,0
DA:108,0
DA:109,0
DA:110,0
DA:111,0
DA:118,1
DA:119,1
DA:120,1
DA:123,1
DA:124,1
DA:125,1
DA:127,1
DA:128,1
DA:131,1
DA:132,1
DA:134,1
DA:135,0
DA:138,1
DA:139,0
DA:145,1
DA:146,1
DA:147,1
DA:148,1
DA:149,1
DA:150,1
DA:152,1
DA:153,0
DA:154,0
DA:155,0
DA:156,0
DA:158,0
DA:161,0
DA:162,0
DA:163,0
DA:164,0
DA:165,0
DA:167,0
DA:168,0
DA:170,0
DA:171,0
DA:172,0
DA:173,0
DA:174,0
DA:175,0
DA:179,0
DA:180,0
DA:186,3
DA:187,3
DA:190,3
DA:191,1
DA:193,3
DA:194,1
DA:196,3
DA:197,3
DA:199,3
DA:200,3
DA:201,1
DA:203,3
DA:204,3
DA:205,1
DA:207,2
DA:208,1
DA:210,1
DA:214,3
DA:215,3
DA:216,3
DA:217,3
DA:220,1
LF:125
LH:84
BRDA:8,0,0,0
BRDA:8,0,1,1
BRDA:24,1,0,1
BRDA:24,1,1,1
BRDA:25,2,0,1
BRDA:25,2,1,1
BRDA:26,3,0,0
BRDA:26,3,1,1
BRDA:36,4,0,0
BRDA:36,4,1,1
BRDA:47,5,0,1
BRDA:47,5,1,0
BRDA:51,6,0,1
BRDA:51,6,1,0
BRDA:63,7,0,0
BRDA:63,7,1,4
BRDA:69,8,0,0
BRDA:69,8,1,1
BRDA:106,9,0,0
BRDA:106,9,1,4
BRDA:119,10,0,1
BRDA:119,10,1,0
BRDA:127,11,0,1
BRDA:127,11,1,0
BRDA:138,12,0,0
BRDA:138,12,1,1
BRDA:152,13,0,0
BRDA:152,13,1,1
BRDA:152,14,0,1
BRDA:152,14,1,1
BRDA:152,14,2,1
BRDA:152,14,3,1
BRDA:152,14,4,1
BRDA:162,15,0,0
BRDA:162,15,1,0
BRDA:174,16,0,0
BRDA:174,16,1,0
BRDA:190,17,0,1
BRDA:190,17,1,2
BRDA:193,18,0,1
BRDA:193,18,1,2
BRDA:200,19,0,1
BRDA:200,19,1,2
BRDA:203,20,0,3
BRDA:203,20,1,0
BRDA:204,21,0,1
BRDA:204,21,1,2
BRDA:207,22,0,1
BRDA:207,22,1,1
BRF:49
BRH:32
end_of_record
