TN:
SF:static\js\bin.js
FN:6,fetchBin
FN:14,(anonymous_1)
FN:15,(anonymous_2)
FN:24,(anonymous_3)
FN:27,(anonymous_4)
FN:35,fetchToPutInBin
FN:37,(anonymous_6)
FN:38,(anonymous_7)
FN:41,(anonymous_8)
FN:44,showAll
FN:45,(anonymous_10)
FN:48,showItem
FN:62,fetchNotToPutInBin
FN:64,(anonymous_13)
FN:65,(anonymous_14)
FN:68,(anonymous_15)
FN:71,showItems
FN:72,(anonymous_17)
FN:75,showNotItem
FNF:19
FNH:16
FNDA:1,fetchBin
FNDA:1,(anonymous_1)
FNDA:1,(anonymous_2)
FNDA:1,(anonymous_3)
FNDA:0,(anonymous_4)
FNDA:1,fetchToPutInBin
FNDA:1,(anonymous_6)
FNDA:1,(anonymous_7)
FNDA:0,(anonymous_8)
FNDA:1,showAll
FNDA:1,(anonymous_10)
FNDA:1,showItem
FNDA:1,fetchNotToPutInBin
FNDA:1,(anonymous_13)
FNDA:1,(anonymous_14)
FNDA:0,(anonymous_15)
FNDA:1,showItems
FNDA:1,(anonymous_17)
FNDA:1,showNotItem
DA:1,1
DA:2,1
DA:9,1
DA:10,1
DA:11,1
DA:12,1
DA:13,1
DA:14,1
DA:16,1
DA:17,1
DA:18,1
DA:19,0
DA:20,0
DA:21,0
DA:24,1
DA:27,1
DA:28,0
DA:29,0
DA:30,0
DA:36,1
DA:37,1
DA:39,1
DA:41,0
DA:45,1
DA:49,1
DA:50,1
DA:52,1
DA:53,1
DA:55,1
DA:56,1
DA:58,1
DA:63,1
DA:64,1
DA:66,1
DA:68,0
DA:72,1
DA:76,1
DA:77,1
DA:79,1
DA:80,1
DA:82,1
DA:83,1
DA:84,1
DA:87,1
LF:44
LH:36
BRF:0
BRH:0
end_of_record
TN:
SF:static\js\recycleHome.js
FN:2,fetchBins
FN:10,showBins
FN:11,(anonymous_2)
FN:14,showBinInfo
FN:35,(anonymous_4)
FN:40,goToBinPage
FNF:6
FNH:4
FNDA:1,fetchBins
FNDA:1,showBins
FNDA:2,(anonymous_2)
FNDA:2,showBinInfo
FNDA:0,(anonymous_4)
FNDA:0,goToBinPage
DA:3,1
DA:4,1
DA:5,1
DA:7,1
DA:11,2
DA:15,2
DA:16,2
DA:18,2
DA:19,2
DA:20,2
DA:22,2
DA:23,2
DA:24,2
DA:26,2
DA:27,2
DA:28,2
DA:29,2
DA:31,2
DA:33,2
DA:35,2
DA:36,2
DA:37,2
DA:41,0
DA:47,1
LF:24
LH:23
BRF:0
BRH:0
end_of_record
